<?xml version="1.0" encoding="UTF-8"?>
<!-- Generated by org.testng.reporters.JUnitReportReporter -->
<testsuite hostname="ESOVO01LBLD16S2" failures="0" tests="2" name="pruebaSelenium.Test1Test" time="8.788" errors="0" timestamp="2022-09-09T11:27:22 CEST" skipped="0">
  <testcase classname="pruebaSelenium.Test1Test" name="conectarPagina" time="5.076"/>
  <system-out/>
  <testcase classname="pruebaSelenium.Test1Test" name="findFlights" time="3.712"/>
  <system-out/>
</testsuite> <!-- pruebaSelenium.Test1Test -->
