<?xml version="1.0" encoding="UTF-8"?>
<!-- Generated by org.testng.reporters.JUnitReportReporter -->
<testsuite hostname="ESOVO01LBLD16S2" failures="0" tests="2" name="pruebaSelenium.Test1Test" time="53.205" errors="0" timestamp="2022-07-12T10:51:51 CEST" skipped="0">
  <testcase classname="pruebaSelenium.Test1Test" name="conectarPagina" time="13.694"/>
  <system-out/>
  <testcase classname="pruebaSelenium.Test1Test" name="findFlights" time="39.511"/>
  <system-out/>
</testsuite> <!-- pruebaSelenium.Test1Test -->
