<?xml version="1.0" encoding="UTF-8"?>
<!-- Generated by org.testng.reporters.JUnitReportReporter -->
<testsuite hostname="ESOVO01LBLD16S2" failures="0" tests="2" name="pruebaSelenium.Test1Test" time="6.172" errors="0" timestamp="2022-07-14T11:14:29 CEST" skipped="0">
  <testcase classname="pruebaSelenium.Test1Test" name="conectarPagina" time="2.132"/>
  <system-out/>
  <testcase classname="pruebaSelenium.Test1Test" name="findFlights" time="4.040"/>
  <system-out/>
</testsuite> <!-- pruebaSelenium.Test1Test -->
