<?xml version="1.0" encoding="UTF-8"?>
<!-- Generated by org.testng.reporters.JUnitReportReporter -->
<testsuite hostname="ESOVO01LBLD16S2" failures="0" tests="2" name="pruebaSelenium.Test1Test" time="20.279" errors="0" timestamp="2022-07-08T12:05:08 CEST" skipped="0">
  <testcase classname="pruebaSelenium.Test1Test" name="findFlights" time="14.508"/>
  <system-out/>
  <testcase classname="pruebaSelenium.Test1Test" name="conectarPagina" time="5.771"/>
  <system-out/>
</testsuite> <!-- pruebaSelenium.Test1Test -->
