<?xml version="1.0" encoding="UTF-8"?>
<!-- Generated by org.testng.reporters.JUnitReportReporter -->
<testsuite hostname="ESOVO01LBLD16S2" failures="0" tests="2" name="pruebaSelenium.Test1Test" time="9.996" errors="0" timestamp="2022-08-04T09:47:10 CEST" skipped="0">
  <testcase classname="pruebaSelenium.Test1Test" name="findFlights" time="2.329"/>
  <system-out/>
  <testcase classname="pruebaSelenium.Test1Test" name="conectarPagina" time="7.667"/>
  <system-out/>
</testsuite> <!-- pruebaSelenium.Test1Test -->
