<?xml version="1.0" encoding="UTF-8"?>
<!-- Generated by org.testng.reporters.JUnitReportReporter -->
<testsuite hostname="ESOVO01LBLD16S2" failures="0" tests="3" name="pruebaSelenium.Test1Test" time="14.842" errors="0" timestamp="2022-09-09T12:35:44 CEST" skipped="0">
  <testcase classname="pruebaSelenium.Test1Test" name="findFlights" time="7.421"/>
  <system-out/>
  <testcase classname="pruebaSelenium.Test1Test" name="conectarPagina" time="4.018"/>
  <system-out/>
  <testcase classname="pruebaSelenium.Test1Test" name="conectarPagina2" time="3.403"/>
  <system-out/>
</testsuite> <!-- pruebaSelenium.Test1Test -->
