<?xml version="1.0" encoding="UTF-8"?>
<!-- Generated by org.testng.reporters.JUnitReportReporter -->
<testsuite hostname="ESOVO01LBLD16S2" failures="0" tests="2" name="pruebaSelenium.Test1Test" time="4.879" errors="0" timestamp="2022-07-14T12:15:21 CEST" skipped="0">
  <testcase classname="pruebaSelenium.Test1Test" name="conectarPagina" time="2.550"/>
  <system-out/>
  <testcase classname="pruebaSelenium.Test1Test" name="tearDown" time="2.329"/>
  <system-out/>
</testsuite> <!-- pruebaSelenium.Test1Test -->
