<?xml version="1.0" encoding="UTF-8"?>
<!-- Generated by org.testng.reporters.JUnitReportReporter -->
<testsuite hostname="ESOVO01LBLD16S2" failures="0" tests="1" name="pruebaSelenium.Test1Test" time="8.975" errors="0" timestamp="2022-09-09T10:52:27 CEST" skipped="0">
  <testcase classname="pruebaSelenium.Test1Test" name="conectarPagina" time="8.975"/>
  <system-out/>
</testsuite> <!-- pruebaSelenium.Test1Test -->
