<?xml version="1.0" encoding="UTF-8"?>
<!-- Generated by org.testng.reporters.JUnitReportReporter -->
<testsuite hostname="ESOVO01LBLD16S2" failures="0" tests="1" name="pruebaSelenium.Test2Test" time="16.074" errors="0" timestamp="2022-07-08T11:06:47 CEST" skipped="0">
  <testcase classname="pruebaSelenium.Test2Test" name="amazonSecurityTest" time="16.074"/>
  <system-out/>
</testsuite> <!-- pruebaSelenium.Test2Test -->
